1626004337.260437 client started (1153): version 3.0a, socket /tmp/tmux-1000/default, protocol 8
1626004337.260458 on Linux 4.19.104-microsoft-standard #1 SMP Wed Feb 19 06:37:35 UTC 2020; libevent 2.1.11-stable (poll)
1626004337.260468 socket is /tmp/tmux-1000/default
1626004337.260476 trying connect
1626004337.260487 connect failed: Connection refused
1626004337.260493 lock file is /tmp/tmux-1000/default.lock
1626004337.260513 flock succeeded
1626004337.260515 got lock (6)
1626004337.260519 trying connect
1626004337.260523 connect failed: Connection refused
1626004337.260699 add peer 0x55f717daad90: 7 ((nil))
1626004337.260775 sending message 100 to peer 0x55f717daad90 (4 bytes)
1626004337.260781 sending message 101 to peer 0x55f717daad90 (16 bytes)
1626004337.260785 sending message 102 to peer 0x55f717daad90 (11 bytes)
1626004337.260788 sending message 108 to peer 0x55f717daad90 (22 bytes)
1626004337.260792 sending message 104 to peer 0x55f717daad90 (0 bytes)
1626004337.260795 sending message 107 to peer 0x55f717daad90 (4 bytes)
1626004337.260800 sending message 105 to peer 0x55f717daad90 (16 bytes)
1626004337.260803 sending message 105 to peer 0x55f717daad90 (54 bytes)
1626004337.260807 sending message 105 to peer 0x55f717daad90 (52 bytes)
1626004337.260810 sending message 105 to peer 0x55f717daad90 (58 bytes)
1626004337.260813 sending message 105 to peer 0x55f717daad90 (29 bytes)
1626004337.260822 sending message 105 to peer 0x55f717daad90 (48 bytes)
1626004337.260825 sending message 105 to peer 0x55f717daad90 (56 bytes)
1626004337.260829 sending message 105 to peer 0x55f717daad90 (58 bytes)
1626004337.260832 sending message 105 to peer 0x55f717daad90 (56 bytes)
1626004337.260835 sending message 105 to peer 0x55f717daad90 (21 bytes)
1626004337.260839 sending message 105 to peer 0x55f717daad90 (52 bytes)
1626004337.260842 sending message 105 to peer 0x55f717daad90 (26 bytes)
1626004337.260845 sending message 105 to peer 0x55f717daad90 (15 bytes)
1626004337.260849 sending message 105 to peer 0x55f717daad90 (99 bytes)
1626004337.260852 sending message 105 to peer 0x55f717daad90 (23 bytes)
1626004337.260855 sending message 105 to peer 0x55f717daad90 (56 bytes)
1626004337.260858 sending message 105 to peer 0x55f717daad90 (18 bytes)
1626004337.260861 sending message 105 to peer 0x55f717daad90 (13 bytes)
1626004337.260864 sending message 105 to peer 0x55f717daad90 (31 bytes)
1626004337.260881 sending message 105 to peer 0x55f717daad90 (54 bytes)
1626004337.260885 sending message 105 to peer 0x55f717daad90 (1507 bytes)
1626004337.260889 sending message 105 to peer 0x55f717daad90 (64 bytes)
1626004337.260892 sending message 105 to peer 0x55f717daad90 (56 bytes)
1626004337.260896 sending message 105 to peer 0x55f717daad90 (52 bytes)
1626004337.260899 sending message 105 to peer 0x55f717daad90 (56 bytes)
1626004337.260902 sending message 105 to peer 0x55f717daad90 (26 bytes)
1626004337.260905 sending message 105 to peer 0x55f717daad90 (34 bytes)
1626004337.260908 sending message 105 to peer 0x55f717daad90 (54 bytes)
1626004337.260912 sending message 105 to peer 0x55f717daad90 (21 bytes)
1626004337.260915 sending message 105 to peer 0x55f717daad90 (32 bytes)
1626004337.260918 sending message 105 to peer 0x55f717daad90 (52 bytes)
1626004337.260921 sending message 105 to peer 0x55f717daad90 (12 bytes)
1626004337.260924 sending message 105 to peer 0x55f717daad90 (52 bytes)
1626004337.260928 sending message 105 to peer 0x55f717daad90 (52 bytes)
1626004337.260931 sending message 105 to peer 0x55f717daad90 (8 bytes)
1626004337.260934 sending message 105 to peer 0x55f717daad90 (64 bytes)
1626004337.260937 sending message 105 to peer 0x55f717daad90 (60 bytes)
1626004337.260941 sending message 105 to peer 0x55f717daad90 (55 bytes)
1626004337.260944 sending message 105 to peer 0x55f717daad90 (33 bytes)
1626004337.260947 sending message 105 to peer 0x55f717daad90 (58 bytes)
1626004337.260950 sending message 105 to peer 0x55f717daad90 (18 bytes)
1626004337.260953 sending message 105 to peer 0x55f717daad90 (56 bytes)
1626004337.260957 sending message 105 to peer 0x55f717daad90 (65 bytes)
1626004337.260965 sending message 105 to peer 0x55f717daad90 (52 bytes)
1626004337.260969 sending message 105 to peer 0x55f717daad90 (848 bytes)
1626004337.260972 sending message 105 to peer 0x55f717daad90 (54 bytes)
1626004337.260975 sending message 105 to peer 0x55f717daad90 (16 bytes)
1626004337.260978 sending message 105 to peer 0x55f717daad90 (53 bytes)
1626004337.260982 sending message 105 to peer 0x55f717daad90 (56 bytes)
1626004337.260985 sending message 105 to peer 0x55f717daad90 (52 bytes)
1626004337.260988 sending message 105 to peer 0x55f717daad90 (20 bytes)
1626004337.260991 sending message 105 to peer 0x55f717daad90 (23 bytes)
1626004337.260995 sending message 105 to peer 0x55f717daad90 (16 bytes)
1626004337.260998 sending message 106 to peer 0x55f717daad90 (0 bytes)
1626004337.261001 sending message 200 to peer 0x55f717daad90 (4 bytes)
1626004337.261004 client loop enter
1626004337.300219 peer 0x55f717daad90 message 207
1626004337.300235 sending message 208 to peer 0x55f717daad90 (0 bytes)
1626004340.717432 peer 0x55f717daad90 message 203
1626004340.717446 sending message 205 to peer 0x55f717daad90 (0 bytes)
1626004340.717770 peer 0x55f717daad90 message 204
1626004340.717781 client loop exit
